<?xml version="1.0" encoding="UTF-8"?>
<!-- Generated by org.testng.reporters.JUnitXMLReporter -->
<testsuite ignored="0" hostname="DESKTOP-TAKCJM8" failures="0" tests="4" name="Default test" time="0.092" errors="0" timestamp="2022-12-24T10:57:16 EST">
  <testcase classname="com.testng.interview.practice.DataProviderAndFactoryTest" name="getRegression" time="0.009"/>
  <testcase classname="com.testng.interview.practice.DataProviderAndFactoryTest" name="getRegression" time="0.002"/>
  <testcase classname="com.testng.interview.practice.DataProviderAndFactoryTest" name="getSmoke" time="0.001"/>
  <testcase classname="com.testng.interview.practice.DataProviderAndFactoryTest" name="getSmoke" time="0.002"/>
</testsuite> <!-- Default test -->
