<?xml version="1.0" encoding="UTF-8"?>
<testng-results ignored="0" total="2" passed="2" failed="0" skipped="0">
  <reporter-output>
  </reporter-output>
  <suite started-at="2023-01-08T00:42:44 EST" name="Default suite" finished-at="2023-01-08T00:42:56 EST" duration-ms="11261">
    <groups>
      <group name="cucumber">
        <method signature="AbstractTestNGCucumberTests.runScenario(cucumber.api.testng.PickleEventWrapper,cucumber.api.testng.CucumberFeatureWrapper)[pri:0, instance:com.cucumber.test.CucumberRunner@1a942c18]" name="runScenario" class="cucumber.api.testng.AbstractTestNGCucumberTests"/>
      </group> <!-- cucumber -->
    </groups>
    <test started-at="2023-01-08T00:42:44 EST" name="Default test" finished-at="2023-01-08T00:42:56 EST" duration-ms="11261">
      <class name="com.cucumber.test.CucumberRunner">
        <test-method is-config="true" signature="setup()[pri:0, instance:com.cucumber.test.CucumberRunner@1a942c18]" started-at="2023-01-08T00:42:44 EST" name="setup" finished-at="2023-01-08T00:42:44 EST" duration-ms="12" status="PASS">
          <reporter-output>
          </reporter-output>
        </test-method> <!-- setup -->
        <test-method is-config="true" signature="setUpClass()[pri:0, instance:com.cucumber.test.CucumberRunner@1a942c18]" started-at="2023-01-08T00:42:44 EST" name="setUpClass" finished-at="2023-01-08T00:42:45 EST" duration-ms="122" status="PASS">
          <reporter-output>
          </reporter-output>
        </test-method> <!-- setUpClass -->
        <test-method signature="runScenario(cucumber.api.testng.PickleEventWrapper,cucumber.api.testng.CucumberFeatureWrapper)[pri:0, instance:com.cucumber.test.CucumberRunner@1a942c18]" started-at="2023-01-08T00:42:45 EST" name="runScenario" description="Runs Cucumber Scenarios" data-provider="scenarios" finished-at="2023-01-08T00:42:56 EST" duration-ms="10935" status="PASS">
          <params>
            <param index="0">
              <value>
                <![CDATA["As a Luma application user, must do successfull login with valid credential."]]>
              </value>
            </param>
            <param index="1">
              <value>
                <![CDATA["Login function Test"]]>
              </value>
            </param>
          </params>
          <reporter-output>
          </reporter-output>
        </test-method> <!-- runScenario -->
        <test-method signature="test1()[pri:0, instance:com.cucumber.test.CucumberRunner@1a942c18]" started-at="2023-01-08T00:42:56 EST" name="test1" finished-at="2023-01-08T00:42:56 EST" duration-ms="1" status="PASS">
          <reporter-output>
          </reporter-output>
        </test-method> <!-- test1 -->
        <test-method is-config="true" signature="tearDownClass()[pri:0, instance:com.cucumber.test.CucumberRunner@1a942c18]" started-at="2023-01-08T00:42:56 EST" name="tearDownClass" finished-at="2023-01-08T00:42:56 EST" duration-ms="50" status="PASS">
          <reporter-output>
          </reporter-output>
        </test-method> <!-- tearDownClass -->
        <test-method is-config="true" signature="teardown()[pri:0, instance:com.cucumber.test.CucumberRunner@1a942c18]" started-at="2023-01-08T00:42:56 EST" name="teardown" finished-at="2023-01-08T00:42:56 EST" duration-ms="0" status="PASS">
          <reporter-output>
          </reporter-output>
        </test-method> <!-- teardown -->
      </class> <!-- com.cucumber.test.CucumberRunner -->
    </test> <!-- Default test -->
  </suite> <!-- Default suite -->
</testng-results>
